<html>
<head>
<title>TestNG:  Default test</title>
<link href="../testng.css" rel="stylesheet" type="text/css" />
<link href="../my-testng.css" rel="stylesheet" type="text/css" />

<style type="text/css">
.log { display: none;} 
.stack-trace { display: none;} 
</style>
<script type="text/javascript">
<!--
function flip(e) {
  current = e.style.display;
  if (current == 'block') {
    e.style.display = 'none';
    return 0;
  }
  else {
    e.style.display = 'block';
    return 1;
  }
}

function toggleBox(szDivId, elem, msg1, msg2)
{
  var res = -1;  if (document.getElementById) {
    res = flip(document.getElementById(szDivId));
  }
  else if (document.all) {
    // this is the way old msie versions work
    res = flip(document.all[szDivId]);
  }
  if(elem) {
    if(res == 0) elem.innerHTML = msg1; else elem.innerHTML = msg2;
  }

}

function toggleAllBoxes() {
  if (document.getElementsByTagName) {
    d = document.getElementsByTagName('div');
    for (i = 0; i < d.length; i++) {
      if (d[i].className == 'log') {
        flip(d[i]);
      }
    }
  }
}

// -->
</script>

</head>
<body>
<h2 align='center'>Default test</h2><table border='1' align="center">
<tr>
<td>Tests passed/Failed/Skipped:</td><td>15/1/0</td>
</tr><tr>
<td>Started on:</td><td>Thu Jan 18 17:34:43 IST 2024</td>
</tr>
<tr><td>Total time:</td><td>1419 seconds (1419858 ms)</td>
</tr><tr>
<td>Included groups:</td><td></td>
</tr><tr>
<td>Excluded groups:</td><td></td>
</tr>
</table><p/>
<small><i>(Hover the method name to see the test class name)</i></small><p/>
<table width='100%' border='1' class='invocation-failed'>
<tr><td colspan='4' align='center'><b>FAILED TESTS</b></td></tr>
<tr><td><b>Test method</b></td>
<td width="30%"><b>Exception</b></td>
<td width="10%"><b>Time (seconds)</b></td>
<td><b>Instance</b></td>
</tr>
<tr>
<td title='homePage.HomePage.Test13_check_correctness_from_cs_role()'><b>Test13_check_correctness_from_cs_role</b><br>Test class: homePage.HomePage</td>
<td><div><pre>java.lang.AssertionError: expected [false] but found [true]
	at org.testng.Assert.fail(Assert.java:99)
	at org.testng.Assert.failNotEquals(Assert.java:1037)
	at org.testng.Assert.assertFalse(Assert.java:67)
	at org.testng.Assert.assertFalse(Assert.java:77)
	at homePage.HomePage.Test13_check_correctness_from_cs_role(HomePage.java:641)
	at java.base/jdk.internal.reflect.NativeMethodAccessorImpl.invoke0(Native Method)
	at java.base/jdk.internal.reflect.NativeMethodAccessorImpl.invoke(NativeMethodAccessorImpl.java:77)
	at java.base/jdk.internal.reflect.DelegatingMethodAccessorImpl.invoke(DelegatingMethodAccessorImpl.java:43)
	at java.base/java.lang.reflect.Method.invoke(Method.java:568)
	at org.testng.internal.MethodInvocationHelper.invokeMethod(MethodInvocationHelper.java:133)
	at org.testng.internal.TestInvoker.invokeMethod(TestInvoker.java:598)
	at org.testng.internal.TestInvoker.invokeTestMethod(TestInvoker.java:173)
	at org.testng.internal.MethodRunner.runInSequence(MethodRunner.java:46)
	at org.testng.internal.TestInvoker$MethodInvocationAgent.invoke(TestInvoker.java:824)
	at org.testng.internal.TestInvoker.invokeTestMethods(TestInvoker.java:146)
	at org.testng.internal.TestMethodWorker.invokeTestMethods(TestMethodWorker.java:146)
	at org.testng.internal.TestMethodWorker.run(TestMethodWorker.java:128)
	at java.base/java.util.ArrayList.forEach(ArrayList.java:1511)
	at org.testng.TestRunner.privateRun(TestRunner.java:794)
	at org.testng.TestRunner.run(TestRunner.java:596)
	at org.testng.SuiteRunner.runTest(SuiteRunner.java:377)
	at org.testng.SuiteRunner.runSequentially(SuiteRunner.java:371)
	at org.testng.SuiteRunner.privateRun(SuiteRunner.java:332)
	at org.testng.SuiteRunner.run(SuiteRunner.java:276)
	at org.testng.SuiteRunnerWorker.runSuite(SuiteRunnerWorker.java:53)
	at org.testng.SuiteRunnerWorker.run(SuiteRunnerWorker.java:96)
	at org.testng.TestNG.runSuitesSequentially(TestNG.java:1212)
	at org.testng.TestNG.runSuitesLocally(TestNG.java:1134)
	at org.testng.TestNG.runSuites(TestNG.java:1063)
	at org.testng.TestNG.run(TestNG.java:1031)
	at org.testng.remote.AbstractRemoteTestNG.run(AbstractRemoteTestNG.java:115)
	at org.testng.remote.RemoteTestNG.initAndRun(RemoteTestNG.java:251)
	at org.testng.remote.RemoteTestNG.main(RemoteTestNG.java:77)
</pre></div><a href='#' onClick='toggleBox("stack-trace282812721", this, "Click to show all stack frames", "Click to hide stack frames")'>Click to show all stack frames</a>
<div class='stack-trace' id='stack-trace282812721'><pre>java.lang.AssertionError: expected [false] but found [true]
	at org.testng.Assert.fail(Assert.java:99)
	at org.testng.Assert.failNotEquals(Assert.java:1037)
	at org.testng.Assert.assertFalse(Assert.java:67)
	at org.testng.Assert.assertFalse(Assert.java:77)
	at homePage.HomePage.Test13_check_correctness_from_cs_role(HomePage.java:641)
	at java.base/jdk.internal.reflect.NativeMethodAccessorImpl.invoke0(Native Method)
	at java.base/jdk.internal.reflect.NativeMethodAccessorImpl.invoke(NativeMethodAccessorImpl.java:77)
	at java.base/jdk.internal.reflect.DelegatingMethodAccessorImpl.invoke(DelegatingMethodAccessorImpl.java:43)
	at java.base/java.lang.reflect.Method.invoke(Method.java:568)
	at org.testng.internal.MethodInvocationHelper.invokeMethod(MethodInvocationHelper.java:133)
	at org.testng.internal.TestInvoker.invokeMethod(TestInvoker.java:598)
	at org.testng.internal.TestInvoker.invokeTestMethod(TestInvoker.java:173)
	at org.testng.internal.MethodRunner.runInSequence(MethodRunner.java:46)
	at org.testng.internal.TestInvoker$MethodInvocationAgent.invoke(TestInvoker.java:824)
	at org.testng.internal.TestInvoker.invokeTestMethods(TestInvoker.java:146)
	at org.testng.internal.TestMethodWorker.invokeTestMethods(TestMethodWorker.java:146)
	at org.testng.internal.TestMethodWorker.run(TestMethodWorker.java:128)
	at java.base/java.util.ArrayList.forEach(ArrayList.java:1511)
	at org.testng.TestRunner.privateRun(TestRunner.java:794)
	at org.testng.TestRunner.run(TestRunner.java:596)
	at org.testng.SuiteRunner.runTest(SuiteRunner.java:377)
	at org.testng.SuiteRunner.runSequentially(SuiteRunner.java:371)
	at org.testng.SuiteRunner.privateRun(SuiteRunner.java:332)
	at org.testng.SuiteRunner.run(SuiteRunner.java:276)
	at org.testng.SuiteRunnerWorker.runSuite(SuiteRunnerWorker.java:53)
	at org.testng.SuiteRunnerWorker.run(SuiteRunnerWorker.java:96)
	at org.testng.TestNG.runSuitesSequentially(TestNG.java:1212)
	at org.testng.TestNG.runSuitesLocally(TestNG.java:1134)
	at org.testng.TestNG.runSuites(TestNG.java:1063)
	at org.testng.TestNG.run(TestNG.java:1031)
	at org.testng.remote.AbstractRemoteTestNG.run(AbstractRemoteTestNG.java:115)
	at org.testng.remote.RemoteTestNG.initAndRun(RemoteTestNG.java:251)
	at org.testng.remote.RemoteTestNG.main(RemoteTestNG.java:77)
</pre></div></td>
<td>48</td>
<td>homePage.HomePage@1cbbffcd</td></tr>
</table><p>
<table width='100%' border='1' class='invocation-passed'>
<tr><td colspan='4' align='center'><b>PASSED TESTS</b></td></tr>
<tr><td><b>Test method</b></td>
<td width="30%"><b>Exception</b></td>
<td width="10%"><b>Time (seconds)</b></td>
<td><b>Instance</b></td>
</tr>
<tr>
<td title='homePage.HomePage.Test11_select_customers()'><b>Test11_select_customers</b><br>Test class: homePage.HomePage</td>
<td></td>
<td>18</td>
<td>homePage.HomePage@1cbbffcd</td></tr>
<tr>
<td title='homePage.HomePage.Test9_select_date_field()'><b>Test9_select_date_field</b><br>Test class: homePage.HomePage</td>
<td></td>
<td>0</td>
<td>homePage.HomePage@1cbbffcd</td></tr>
<tr>
<td title='homePage.HomePage.Test6_text_field()'><b>Test6_text_field</b><br>Test class: homePage.HomePage</td>
<td></td>
<td>2</td>
<td>homePage.HomePage@1cbbffcd</td></tr>
<tr>
<td title='homePage.HomePage.Test4_toast_message()'><b>Test4_toast_message</b><br>Test class: homePage.HomePage</td>
<td></td>
<td>2</td>
<td>homePage.HomePage@1cbbffcd</td></tr>
<tr>
<td title='homePage.HomePage.Test12_saveFinally()'><b>Test12_saveFinally</b><br>Test class: homePage.HomePage</td>
<td></td>
<td>2</td>
<td>homePage.HomePage@1cbbffcd</td></tr>
<tr>
<td title='homePage.HomePage.Test8_attachment_field()'><b>Test8_attachment_field</b><br>Test class: homePage.HomePage</td>
<td></td>
<td>1</td>
<td>homePage.HomePage@1cbbffcd</td></tr>
<tr>
<td title='homePage.HomePage.Test10_select_roles()'><b>Test10_select_roles</b><br>Test class: homePage.HomePage</td>
<td></td>
<td>2</td>
<td>homePage.HomePage@1cbbffcd</td></tr>
<tr>
<td title='homePage.HomePage.Test1_load_data()'><b>Test1_load_data</b><br>Test class: homePage.HomePage</td>
<td></td>
<td>1</td>
<td>homePage.HomePage@1cbbffcd</td></tr>
<tr>
<td title='homePage.HomePage.Test14_check_correctness_from_other_roles()'><b>Test14_check_correctness_from_other_roles</b><br>Test class: homePage.HomePage</td>
<td></td>
<td>1288</td>
<td>homePage.HomePage@1cbbffcd</td></tr>
<tr>
<td title='homePage.HomePage.Test3_open_BA_creation_page()'><b>Test3_open_BA_creation_page</b><br>Test class: homePage.HomePage</td>
<td></td>
<td>5</td>
<td>homePage.HomePage@1cbbffcd</td></tr>
<tr>
<td title='homePage.HomePage.Test7_link_field()'><b>Test7_link_field</b><br>Test class: homePage.HomePage</td>
<td></td>
<td>2</td>
<td>homePage.HomePage@1cbbffcd</td></tr>
<tr>
<td title='homePage.HomePage.Test5_select_banner_or_announcement()'><b>Test5_select_banner_or_announcement</b><br>Test class: homePage.HomePage</td>
<td></td>
<td>1</td>
<td>homePage.HomePage@1cbbffcd</td></tr>
<tr>
<td title='homePage.HomePage.Test0_initialization()'><b>Test0_initialization</b><br>Test class: homePage.HomePage</td>
<td></td>
<td>3</td>
<td>homePage.HomePage@1cbbffcd</td></tr>
<tr>
<td title='homePage.HomePage.Test2_login_to_registry()'><b>Test2_login_to_registry</b><br>Test class: homePage.HomePage</td>
<td></td>
<td>23</td>
<td>homePage.HomePage@1cbbffcd</td></tr>
<tr>
<td title='homePage.HomePage.delete_banner_announcement()'><b>delete_banner_announcement</b><br>Test class: homePage.HomePage</td>
<td></td>
<td>12</td>
<td>homePage.HomePage@1cbbffcd</td></tr>
</table><p>
</body>
</html>