<?xml version="1.0" encoding="UTF-8"?>
<testng-results ignored="0" total="16" passed="15" failed="1" skipped="0">
  <reporter-output>
  </reporter-output>
  <suite started-at="2024-01-18T17:34:43 IST" name="Default suite" finished-at="2024-01-18T17:58:23 IST" duration-ms="1419858">
    <groups>
    </groups>
    <test started-at="2024-01-18T17:34:43 IST" name="Default test" finished-at="2024-01-18T17:58:23 IST" duration-ms="1419858">
      <class name="homePage.HomePage">
        <test-method signature="Test0_initialization()[pri:0, instance:homePage.HomePage@1cbbffcd]" started-at="2024-01-18T17:34:43 IST" name="Test0_initialization" finished-at="2024-01-18T17:34:47 IST" duration-ms="3987" status="PASS">
          <reporter-output>
          </reporter-output>
        </test-method> <!-- Test0_initialization -->
        <test-method signature="Test1_load_data()[pri:1, instance:homePage.HomePage@1cbbffcd]" started-at="2024-01-18T17:34:47 IST" name="Test1_load_data" finished-at="2024-01-18T17:34:48 IST" duration-ms="1046" status="PASS">
          <reporter-output>
          </reporter-output>
        </test-method> <!-- Test1_load_data -->
        <test-method signature="Test2_login_to_registry()[pri:2, instance:homePage.HomePage@1cbbffcd]" started-at="2024-01-18T17:34:48 IST" name="Test2_login_to_registry" finished-at="2024-01-18T17:35:12 IST" duration-ms="23831" status="PASS">
          <reporter-output>
          </reporter-output>
        </test-method> <!-- Test2_login_to_registry -->
        <test-method signature="Test3_open_BA_creation_page()[pri:3, instance:homePage.HomePage@1cbbffcd]" started-at="2024-01-18T17:35:12 IST" name="Test3_open_BA_creation_page" finished-at="2024-01-18T17:35:18 IST" duration-ms="5917" status="PASS">
          <reporter-output>
          </reporter-output>
        </test-method> <!-- Test3_open_BA_creation_page -->
        <test-method signature="Test4_toast_message()[pri:4, instance:homePage.HomePage@1cbbffcd]" started-at="2024-01-18T17:35:18 IST" name="Test4_toast_message" finished-at="2024-01-18T17:35:20 IST" duration-ms="2688" status="PASS">
          <reporter-output>
          </reporter-output>
        </test-method> <!-- Test4_toast_message -->
        <test-method signature="Test5_select_banner_or_announcement()[pri:5, instance:homePage.HomePage@1cbbffcd]" started-at="2024-01-18T17:35:20 IST" name="Test5_select_banner_or_announcement" finished-at="2024-01-18T17:35:22 IST" duration-ms="1881" status="PASS">
          <reporter-output>
          </reporter-output>
        </test-method> <!-- Test5_select_banner_or_announcement -->
        <test-method signature="Test6_text_field()[pri:6, instance:homePage.HomePage@1cbbffcd]" started-at="2024-01-18T17:35:22 IST" name="Test6_text_field" finished-at="2024-01-18T17:35:25 IST" duration-ms="2864" status="PASS">
          <reporter-output>
          </reporter-output>
        </test-method> <!-- Test6_text_field -->
        <test-method signature="Test7_link_field()[pri:7, instance:homePage.HomePage@1cbbffcd]" started-at="2024-01-18T17:35:25 IST" name="Test7_link_field" finished-at="2024-01-18T17:35:28 IST" duration-ms="2510" status="PASS">
          <reporter-output>
          </reporter-output>
        </test-method> <!-- Test7_link_field -->
        <test-method signature="Test8_attachment_field()[pri:8, instance:homePage.HomePage@1cbbffcd]" started-at="2024-01-18T17:35:28 IST" name="Test8_attachment_field" finished-at="2024-01-18T17:35:29 IST" duration-ms="1735" status="PASS">
          <reporter-output>
          </reporter-output>
        </test-method> <!-- Test8_attachment_field -->
        <test-method signature="Test9_select_date_field()[pri:9, instance:homePage.HomePage@1cbbffcd]" started-at="2024-01-18T17:35:29 IST" name="Test9_select_date_field" finished-at="2024-01-18T17:35:30 IST" duration-ms="854" status="PASS">
          <reporter-output>
          </reporter-output>
        </test-method> <!-- Test9_select_date_field -->
        <test-method signature="Test10_select_roles()[pri:10, instance:homePage.HomePage@1cbbffcd]" started-at="2024-01-18T17:35:30 IST" name="Test10_select_roles" finished-at="2024-01-18T17:35:32 IST" duration-ms="2205" status="PASS">
          <reporter-output>
          </reporter-output>
        </test-method> <!-- Test10_select_roles -->
        <test-method signature="Test11_select_customers()[pri:11, instance:homePage.HomePage@1cbbffcd]" started-at="2024-01-18T17:35:32 IST" name="Test11_select_customers" finished-at="2024-01-18T17:35:51 IST" duration-ms="18974" status="PASS">
          <reporter-output>
          </reporter-output>
        </test-method> <!-- Test11_select_customers -->
        <test-method signature="Test12_saveFinally()[pri:12, instance:homePage.HomePage@1cbbffcd]" started-at="2024-01-18T17:35:51 IST" name="Test12_saveFinally" finished-at="2024-01-18T17:35:53 IST" duration-ms="2077" status="PASS">
          <reporter-output>
          </reporter-output>
        </test-method> <!-- Test12_saveFinally -->
        <test-method signature="Test13_check_correctness_from_cs_role()[pri:13, instance:homePage.HomePage@1cbbffcd]" started-at="2024-01-18T17:35:53 IST" name="Test13_check_correctness_from_cs_role" finished-at="2024-01-18T17:36:42 IST" duration-ms="48306" status="FAIL">
          <exception class="java.lang.AssertionError">
            <message>
              <![CDATA[expected [false] but found [true]]]>
            </message>
            <full-stacktrace>
              <![CDATA[java.lang.AssertionError: expected [false] but found [true]
at org.testng.Assert.fail(Assert.java:99)
at org.testng.Assert.failNotEquals(Assert.java:1037)
at org.testng.Assert.assertFalse(Assert.java:67)
at org.testng.Assert.assertFalse(Assert.java:77)
at homePage.HomePage.Test13_check_correctness_from_cs_role(HomePage.java:641)
at java.base/jdk.internal.reflect.NativeMethodAccessorImpl.invoke0(Native Method)
at java.base/jdk.internal.reflect.NativeMethodAccessorImpl.invoke(NativeMethodAccessorImpl.java:77)
at java.base/jdk.internal.reflect.DelegatingMethodAccessorImpl.invoke(DelegatingMethodAccessorImpl.java:43)
at java.base/java.lang.reflect.Method.invoke(Method.java:568)
at org.testng.internal.MethodInvocationHelper.invokeMethod(MethodInvocationHelper.java:133)
at org.testng.internal.TestInvoker.invokeMethod(TestInvoker.java:598)
at org.testng.internal.TestInvoker.invokeTestMethod(TestInvoker.java:173)
at org.testng.internal.MethodRunner.runInSequence(MethodRunner.java:46)
at org.testng.internal.TestInvoker$MethodInvocationAgent.invoke(TestInvoker.java:824)
at org.testng.internal.TestInvoker.invokeTestMethods(TestInvoker.java:146)
at org.testng.internal.TestMethodWorker.invokeTestMethods(TestMethodWorker.java:146)
at org.testng.internal.TestMethodWorker.run(TestMethodWorker.java:128)
at java.base/java.util.ArrayList.forEach(ArrayList.java:1511)
at org.testng.TestRunner.privateRun(TestRunner.java:794)
at org.testng.TestRunner.run(TestRunner.java:596)
at org.testng.SuiteRunner.runTest(SuiteRunner.java:377)
at org.testng.SuiteRunner.runSequentially(SuiteRunner.java:371)
at org.testng.SuiteRunner.privateRun(SuiteRunner.java:332)
at org.testng.SuiteRunner.run(SuiteRunner.java:276)
at org.testng.SuiteRunnerWorker.runSuite(SuiteRunnerWorker.java:53)
at org.testng.SuiteRunnerWorker.run(SuiteRunnerWorker.java:96)
at org.testng.TestNG.runSuitesSequentially(TestNG.java:1212)
at org.testng.TestNG.runSuitesLocally(TestNG.java:1134)
at org.testng.TestNG.runSuites(TestNG.java:1063)
at org.testng.TestNG.run(TestNG.java:1031)
at org.testng.remote.AbstractRemoteTestNG.run(AbstractRemoteTestNG.java:115)
at org.testng.remote.RemoteTestNG.initAndRun(RemoteTestNG.java:251)
at org.testng.remote.RemoteTestNG.main(RemoteTestNG.java:77)
]]>
            </full-stacktrace>
          </exception> <!-- java.lang.AssertionError -->
          <reporter-output>
          </reporter-output>
        </test-method> <!-- Test13_check_correctness_from_cs_role -->
        <test-method signature="Test14_check_correctness_from_other_roles()[pri:14, instance:homePage.HomePage@1cbbffcd]" started-at="2024-01-18T17:36:42 IST" name="Test14_check_correctness_from_other_roles" finished-at="2024-01-18T17:58:10 IST" duration-ms="1288500" status="PASS">
          <reporter-output>
          </reporter-output>
        </test-method> <!-- Test14_check_correctness_from_other_roles -->
        <test-method signature="delete_banner_announcement()[pri:14, instance:homePage.HomePage@1cbbffcd]" started-at="2024-01-18T17:58:10 IST" name="delete_banner_announcement" finished-at="2024-01-18T17:58:23 IST" duration-ms="12354" status="PASS">
          <reporter-output>
          </reporter-output>
        </test-method> <!-- delete_banner_announcement -->
      </class> <!-- homePage.HomePage -->
    </test> <!-- Default test -->
  </suite> <!-- Default suite -->
</testng-results>
