<?xml version="1.0" encoding="UTF-8"?>
<!-- Generated by org.testng.reporters.JUnitReportReporter -->
<testsuite hostname="CCU-SUDUTTA" failures="1" tests="16" name="homePage.HomePage" time="1419.729" errors="0" timestamp="2024-01-18T17:58:23 IST" skipped="0">
  <testcase classname="homePage.HomePage" name="Test0_initialization" time="3.987"/>
  <system-out/>
  <testcase classname="homePage.HomePage" name="Test1_load_data" time="1.046"/>
  <system-out/>
  <testcase classname="homePage.HomePage" name="Test2_login_to_registry" time="23.831"/>
  <system-out/>
  <testcase classname="homePage.HomePage" name="Test3_open_BA_creation_page" time="5.917"/>
  <system-out/>
  <testcase classname="homePage.HomePage" name="Test4_toast_message" time="2.688"/>
  <system-out/>
  <testcase classname="homePage.HomePage" name="Test5_select_banner_or_announcement" time="1.881"/>
  <system-out/>
  <testcase classname="homePage.HomePage" name="Test6_text_field" time="2.864"/>
  <system-out/>
  <testcase classname="homePage.HomePage" name="Test7_link_field" time="2.510"/>
  <system-out/>
  <testcase classname="homePage.HomePage" name="Test8_attachment_field" time="1.735"/>
  <system-out/>
  <testcase classname="homePage.HomePage" name="Test9_select_date_field" time="0.854"/>
  <system-out/>
  <testcase classname="homePage.HomePage" name="Test10_select_roles" time="2.205"/>
  <system-out/>
  <testcase classname="homePage.HomePage" name="Test11_select_customers" time="18.974"/>
  <system-out/>
  <testcase classname="homePage.HomePage" name="Test12_saveFinally" time="2.077"/>
  <system-out/>
  <testcase classname="homePage.HomePage" name="Test13_check_correctness_from_cs_role" time="48.306">
    <failure message="expected [false] but found [true]" type="java.lang.AssertionError">
      <![CDATA[java.lang.AssertionError: expected [false] but found [true]
at org.testng.Assert.fail(Assert.java:99)
at org.testng.Assert.failNotEquals(Assert.java:1037)
at org.testng.Assert.assertFalse(Assert.java:67)
at org.testng.Assert.assertFalse(Assert.java:77)
at homePage.HomePage.Test13_check_correctness_from_cs_role(HomePage.java:641)
at java.base/jdk.internal.reflect.NativeMethodAccessorImpl.invoke0(Native Method)
at java.base/jdk.internal.reflect.NativeMethodAccessorImpl.invoke(NativeMethodAccessorImpl.java:77)
at java.base/jdk.internal.reflect.DelegatingMethodAccessorImpl.invoke(DelegatingMethodAccessorImpl.java:43)
at java.base/java.lang.reflect.Method.invoke(Method.java:568)
at org.testng.internal.MethodInvocationHelper.invokeMethod(MethodInvocationHelper.java:133)
at org.testng.internal.TestInvoker.invokeMethod(TestInvoker.java:598)
at org.testng.internal.TestInvoker.invokeTestMethod(TestInvoker.java:173)
at org.testng.internal.MethodRunner.runInSequence(MethodRunner.java:46)
at org.testng.internal.TestInvoker$MethodInvocationAgent.invoke(TestInvoker.java:824)
at org.testng.internal.TestInvoker.invokeTestMethods(TestInvoker.java:146)
at org.testng.internal.TestMethodWorker.invokeTestMethods(TestMethodWorker.java:146)
at org.testng.internal.TestMethodWorker.run(TestMethodWorker.java:128)
at java.base/java.util.ArrayList.forEach(ArrayList.java:1511)
at org.testng.TestRunner.privateRun(TestRunner.java:794)
at org.testng.TestRunner.run(TestRunner.java:596)
at org.testng.SuiteRunner.runTest(SuiteRunner.java:377)
at org.testng.SuiteRunner.runSequentially(SuiteRunner.java:371)
at org.testng.SuiteRunner.privateRun(SuiteRunner.java:332)
at org.testng.SuiteRunner.run(SuiteRunner.java:276)
at org.testng.SuiteRunnerWorker.runSuite(SuiteRunnerWorker.java:53)
at org.testng.SuiteRunnerWorker.run(SuiteRunnerWorker.java:96)
at org.testng.TestNG.runSuitesSequentially(TestNG.java:1212)
at org.testng.TestNG.runSuitesLocally(TestNG.java:1134)
at org.testng.TestNG.runSuites(TestNG.java:1063)
at org.testng.TestNG.run(TestNG.java:1031)
at org.testng.remote.AbstractRemoteTestNG.run(AbstractRemoteTestNG.java:115)
at org.testng.remote.RemoteTestNG.initAndRun(RemoteTestNG.java:251)
at org.testng.remote.RemoteTestNG.main(RemoteTestNG.java:77)
]]>
    </failure>
  </testcase> <!-- Test13_check_correctness_from_cs_role -->
  <system-out/>
  <testcase classname="homePage.HomePage" name="Test14_check_correctness_from_other_roles" time="1288.500"/>
  <system-out/>
  <testcase classname="homePage.HomePage" name="delete_banner_announcement" time="12.354"/>
  <system-out/>
</testsuite> <!-- homePage.HomePage -->
